2017-02-14 16:15:47	<?xml version="1.0" encoding="utf-8" ?><error_response><code>15</code><msg>Remote service error</msg><sub_code>isv.BUSINESS_LIMIT_CONTROL</sub_code><sub_msg>触发业务流控</sub_msg><request_id>1476p19na9ku8</request_id></error_response><!--top010179045189.s.et2-->
2017-02-14 16:16:32	<?xml version="1.0" encoding="utf-8" ?><error_response><code>15</code><msg>Remote service error</msg><sub_code>isv.PARAM_LENGTH_LIMIT</sub_code><sub_msg>变量长度超过限制</sub_msg><request_id>iv0v11b2xsjj</request_id></error_response><!--top010184078129.et2-->
2017-02-14 16:16:37	<?xml version="1.0" encoding="utf-8" ?><error_response><code>15</code><msg>Remote service error</msg><sub_code>isv.BUSINESS_LIMIT_CONTROL</sub_code><sub_msg>触发业务流控</sub_msg><request_id>3jw3pwz2g6nh</request_id></error_response><!--top011250207167.eu13-->
2017-02-14 16:16:41	<?xml version="1.0" encoding="utf-8" ?><error_response><code>15</code><msg>Remote service error</msg><sub_code>isv.BUSINESS_LIMIT_CONTROL</sub_code><sub_msg>触发业务流控</sub_msg><request_id>z2c0zd7551em</request_id></error_response><!--top010178001154.n.et2-->
2017-02-14 16:16:43	<?xml version="1.0" encoding="utf-8" ?><error_response><code>15</code><msg>Remote service error</msg><sub_code>isv.BUSINESS_LIMIT_CONTROL</sub_code><sub_msg>触发业务流控</sub_msg><request_id>elos6lbh2kc7</request_id></error_response><!--top011183085138.eu13-->
2017-02-14 16:17:11	<?xml version="1.0" encoding="utf-8" ?><error_response><code>15</code><msg>Remote service error</msg><sub_code>isv.BUSINESS_LIMIT_CONTROL</sub_code><sub_msg>触发业务流控</sub_msg><request_id>z292yznkyizy</request_id></error_response><!--top010178001120.n.et2-->
2017-02-14 16:20:49	<?xml version="1.0" encoding="utf-8" ?><error_response><code>15</code><msg>Remote service error</msg><sub_code>isv.BUSINESS_LIMIT_CONTROL</sub_code><sub_msg>触发业务流控</sub_msg><request_id>3dowr0s1q0ob</request_id></error_response><!--top011250197150.eu13-->
2017-02-14 16:21:20	<?xml version="1.0" encoding="utf-8" ?><error_response><code>15</code><msg>Remote service error</msg><sub_code>isv.BUSINESS_LIMIT_CONTROL</sub_code><sub_msg>触发业务流控</sub_msg><request_id>ejgr6y64mrjc</request_id></error_response><!--top011183081238.eu13-->
2017-02-14 16:21:22	<?xml version="1.0" encoding="utf-8" ?><error_response><code>15</code><msg>Remote service error</msg><sub_code>isv.BUSINESS_LIMIT_CONTROL</sub_code><sub_msg>触发业务流控</sub_msg><request_id>z2aguxoktrip</request_id></error_response><!--top010178001136.n.et2-->
2017-02-14 16:21:40	<?xml version="1.0" encoding="utf-8" ?><error_response><code>15</code><msg>Remote service error</msg><sub_code>isv.BUSINESS_LIMIT_CONTROL</sub_code><sub_msg>触发业务流控</sub_msg><request_id>el0g1d662bfl</request_id></error_response><!--top011183084113.eu13-->
2017-02-14 16:21:45	<?xml version="1.0" encoding="utf-8" ?><error_response><code>15</code><msg>Remote service error</msg><sub_code>isv.BUSINESS_LIMIT_CONTROL</sub_code><sub_msg>触发业务流控</sub_msg><request_id>2elcwpv48usb</request_id></error_response><!--top011250140153.eu13-->
2017-02-14 16:21:57	<?xml version="1.0" encoding="utf-8" ?><error_response><code>15</code><msg>Remote service error</msg><sub_code>isv.BUSINESS_LIMIT_CONTROL</sub_code><sub_msg>触发业务流控</sub_msg><request_id>101ypw4ewoaa5</request_id></error_response><!--top010178059116.n.et2-->
2017-02-14 16:22:00	<?xml version="1.0" encoding="utf-8" ?><error_response><code>15</code><msg>Remote service error</msg><sub_code>isv.BUSINESS_LIMIT_CONTROL</sub_code><sub_msg>触发业务流控</sub_msg><request_id>2m608al0ipse</request_id></error_response><!--top011250152229.eu13-->
2017-02-14 16:22:22	<?xml version="1.0" encoding="utf-8" ?><error_response><code>15</code><msg>Remote service error</msg><sub_code>isv.BUSINESS_LIMIT_CONTROL</sub_code><sub_msg>触发业务流控</sub_msg><request_id>2gi4kc58c4m7</request_id></error_response><!--top010150143179.eu13-->
2017-02-14 16:22:25	<?xml version="1.0" encoding="utf-8" ?><error_response><code>15</code><msg>Remote service error</msg><sub_code>isv.BUSINESS_LIMIT_CONTROL</sub_code><sub_msg>触发业务流控</sub_msg><request_id>3era05y1tdrs</request_id></error_response><!--top011250199081.eu13-->
2017-02-14 16:22:26	<?xml version="1.0" encoding="utf-8" ?><error_response><code>15</code><msg>Remote service error</msg><sub_code>isv.BUSINESS_LIMIT_CONTROL</sub_code><sub_msg>触发业务流控</sub_msg><request_id>rxvrh86avxmu</request_id></error_response><!--top011186097054.eu13-->
2017-02-14 16:22:37	<?xml version="1.0" encoding="utf-8" ?><error_response><code>15</code><msg>Remote service error</msg><sub_code>isv.BUSINESS_LIMIT_CONTROL</sub_code><sub_msg>触发业务流控</sub_msg><request_id>2frvtoqmr0r9</request_id></error_response><!--top011250142132.eu13-->
2017-02-14 16:23:46	<?xml version="1.0" encoding="utf-8" ?><error_response><code>15</code><msg>Remote service error</msg><sub_code>isv.BUSINESS_LIMIT_CONTROL</sub_code><sub_msg>触发业务流控</sub_msg><request_id>z2c0zdecckj9</request_id></error_response><!--top010178001154.n.et2-->
2017-02-14 16:24:29	<?xml version="1.0" encoding="utf-8" ?><error_response><code>15</code><msg>Remote service error</msg><sub_code>isv.BUSINESS_LIMIT_CONTROL</sub_code><sub_msg>触发业务流控</sub_msg><request_id>101ypw4hht8l6</request_id></error_response><!--top010178059116.n.et2-->
2017-02-14 16:26:30	<?xml version="1.0" encoding="utf-8" ?><error_response><code>15</code><msg>Remote service error</msg><sub_code>isv.BUSINESS_LIMIT_CONTROL</sub_code><sub_msg>触发业务流控</sub_msg><request_id>iv14ds73vfru</request_id></error_response><!--top010184078132.et2-->
2017-02-14 16:27:00	<?xml version="1.0" encoding="utf-8" ?><error_response><code>15</code><msg>Remote service error</msg><sub_code>isv.BUSINESS_LIMIT_CONTROL</sub_code><sub_msg>触发业务流控</sub_msg><request_id>2is8dwf3nd7l</request_id></error_response><!--top011250147103.eu13-->
2017-02-14 16:27:56	<?xml version="1.0" encoding="utf-8" ?><error_response><code>15</code><msg>Remote service error</msg><sub_code>isv.BUSINESS_LIMIT_CONTROL</sub_code><sub_msg>触发业务流控</sub_msg><request_id>3bt3e4a1mhhh</request_id></error_response><!--top011250194135.eu13-->
2017-02-14 16:29:21	<?xml version="1.0" encoding="utf-8" ?><error_response><code>15</code><msg>Remote service error</msg><sub_code>isv.BUSINESS_LIMIT_CONTROL</sub_code><sub_msg>触发业务流控</sub_msg><request_id>147603b2p5c1k</request_id></error_response><!--top010179045181.s.et2-->
2017-02-14 16:31:38	<?xml version="1.0" encoding="utf-8" ?><error_response><code>15</code><msg>Remote service error</msg><sub_code>isv.BUSINESS_LIMIT_CONTROL</sub_code><sub_msg>触发业务流控</sub_msg><request_id>43w05rfjkaxu</request_id></error_response><!--top011250240031.eu13-->
2017-02-14 16:32:01	<?xml version="1.0" encoding="utf-8" ?><error_response><code>15</code><msg>Remote service error</msg><sub_code>isv.BUSINESS_LIMIT_CONTROL</sub_code><sub_msg>触发业务流控</sub_msg><request_id>z2b8x5t297jl</request_id></error_response><!--top010178001145.n.et2-->
2017-02-14 16:32:13	<?xml version="1.0" encoding="utf-8" ?><error_response><code>15</code><msg>Remote service error</msg><sub_code>isv.BUSINESS_LIMIT_CONTROL</sub_code><sub_msg>触发业务流控</sub_msg><request_id>s7ezxlolmxjm</request_id></error_response><!--top011186112177.eu13-->
2017-02-14 16:33:22	<?xml version="1.0" encoding="utf-8" ?><error_response><code>15</code><msg>Remote service error</msg><sub_code>isv.BUSINESS_LIMIT_CONTROL</sub_code><sub_msg>触发业务流控</sub_msg><request_id>3jw3pxg3hdc1</request_id></error_response><!--top011250207167.eu13-->
2017-02-14 16:33:29	<?xml version="1.0" encoding="utf-8" ?><error_response><code>15</code><msg>Remote service error</msg><sub_code>isv.BUSINESS_LIMIT_CONTROL</sub_code><sub_msg>触发业务流控</sub_msg><request_id>2m6p69v25lxf</request_id></error_response><!--top011250152237.eu13-->
